
Visual COBOL Exception Handler - 01/08/2019  20:07:24
C:\Users\Roberto\workspace\NOVA_GESTAO\New_Configuration.bin\NOVA_GESTAO.exe caused an exception at address : 0x00814882
Exception type - EXCEPTION_ACCESS_VIOLATION on Read. Address 0x00000056

Registers:

	EAX 00000000	EBX 00814CF0
	ECX 0081B2E8	EDX 010FFB40
	DS  002B	ESI 00000056
	ES  002B	EDI 0081CBEF
	FS  0053	GS  002B
	CS  0023	EIP 00814882
	SS  002B	ESP 010FFB94	EBP 010FFC20
	Flags 00010206

Error occurred in : C:\Users\Roberto\workspace\NOVA_GESTAO\New_Configuration.bin\NOVA_GESTAO.exe, loaded at 0x00810000

Command Line : 

COBOL call stack:

	RELATORIO_VENDEDOR	(obj program)
	MENU	(obj program)

Run-time : C:\Program Files (x86)\Micro Focus\Visual COBOL\bin\cblrtsm.dll, loaded at 0x10000000

	CompanyName Micro Focus
	FileDescription Micro Focus Run Time System Core Support
	FileVersion VisualCOBOL-R15/057
	LegalCopyright (C) Copyright 1984-2019 Micro Focus or one of its affiliates.
	OriginalFileName cblrtsm.dll
	ProductName Micro Focus COBOL 2017
	ProductVersion 5.0.00256

OS Information:

Windows NT 10.0 (Build 17763: )
CPU: Intel Pentium Model 23 step 10, 2 processors
Available memory - 2097151 KB
